# JRE version: OpenJDK Runtime Environment (11.0.13) (build 11.0.13+0-b1751.21-8125866)
# Java VM: OpenJDK 64-Bit Server VM (11.0.13+0-b1751.21-8125866, mixed mode, tiered, compressed oops, g1 gc, windows-amd64)
Heap:
 garbage-first heap   total 196608K, used 10664K [0x0000000741e00000, 0x0000000800000000)
  region size 1024K, 3 young (3072K), 3 survivors (3072K)
 Metaspace       used 14509K, capacity 14810K, committed 14848K, reserved 1073152K
  class space    used 1656K, capacity 1769K, committed 1792K, reserved 1048576K
GC Heap History (6 events):
Event: 1.202 GC heap before
{Heap before GC invocations=0 (full 0):
 garbage-first heap   total 196608K, used 16384K [0x0000000741e00000, 0x0000000800000000)
  region size 1024K, 14 young (14336K), 0 survivors (0K)
 Metaspace       used 8388K, capacity 8612K, committed 8832K, reserved 1056768K
  class space    used 750K, capacity 823K, committed 896K, reserved 1048576K
}
Event: 1.215 GC heap after
{Heap after GC invocations=1 (full 0):
 garbage-first heap   total 196608K, used 3689K [0x0000000741e00000, 0x0000000800000000)
  region size 1024K, 2 young (2048K), 2 survivors (2048K)
 Metaspace       used 8388K, capacity 8612K, committed 8832K, reserved 1056768K
  class space    used 750K, capacity 823K, committed 896K, reserved 1048576K
}
Event: 1.829 GC heap before
{Heap before GC invocations=1 (full 0):
 garbage-first heap   total 196608K, used 19049K [0x0000000741e00000, 0x0000000800000000)
  region size 1024K, 14 young (14336K), 2 survivors (2048K)
 Metaspace       used 11028K, capacity 11320K, committed 11520K, reserved 1058816K
  class space    used 1149K, capacity 1241K, committed 1280K, reserved 1048576K
}
Event: 1.832 GC heap after
{Heap after GC invocations=2 (full 0):
 garbage-first heap   total 196608K, used 9893K [0x0000000741e00000, 0x0000000800000000)
  region size 1024K, 2 young (2048K), 2 survivors (2048K)
 Metaspace       used 11028K, capacity 11320K, committed 11520K, reserved 1058816K
  class space    used 1149K, capacity 1241K, committed 1280K, reserved 1048576K
}
Event: 3.063 GC heap before
{Heap before GC invocations=2 (full 0):
 garbage-first heap   total 196608K, used 23205K [0x0000000741e00000, 0x0000000800000000)
  region size 1024K, 16 young (16384K), 2 survivors (2048K)
 Metaspace       used 14509K, capacity 14810K, committed 14848K, reserved 1071104K
  class space    used 1656K, capacity 1769K, committed 1792K, reserved 1048576K
}
Event: 3.067 GC heap after
{Heap after GC invocations=3 (full 0):
 garbage-first heap   total 196608K, used 10664K [0x0000000741e00000, 0x0000000800000000)
  region size 1024K, 3 young (3072K), 3 survivors (3072K)
 Metaspace       used 14509K, capacity 14810K, committed 14848K, reserved 1071104K
  class space    used 1656K, capacity 1769K, committed 1792K, reserved 1048576K
}

