# JRE version: Java(TM) SE Runtime Environment (17.0.4.1+1) (build 17.0.4.1+1-LTS-2)
# Java VM: Java HotSpot(TM) 64-Bit Server VM (17.0.4.1+1-LTS-2, mixed mode, sharing, tiered, compressed oops, compressed class ptrs, g1 gc, windows-amd64)
GC Precious Log:
 CPUs: 4 total, 4 available
 Memory: 12162M
 Large Page Support: Disabled
 NUMA Support: Disabled
 Compressed Oops: Enabled (32-bit)
 Heap Region Size: 1M
 Heap Min Capacity: 8M
 Heap Initial Capacity: 192M
 Heap Max Capacity: 1536M
 Pre-touch: Disabled
 Parallel Workers: 4
 Concurrent Workers: 1
 Concurrent Refinement Workers: 4
 Periodic GC: Disabled
Heap:
 garbage-first heap   total 260096K, used 215822K [0x00000000a0000000, 0x0000000100000000)
  region size 1024K, 5 young (5120K), 2 survivors (2048K)
 Metaspace       used 79740K, committed 80896K, reserved 1122304K
  class space    used 10865K, committed 11392K, reserved 1048576K
GC Heap History (20 events):
Event: 58.395 GC heap before
{Heap before GC invocations=40 (full 0):
 garbage-first heap   total 260096K, used 211574K [0x00000000a0000000, 0x0000000100000000)
  region size 1024K, 47 young (48128K), 7 survivors (7168K)
 Metaspace       used 78773K, committed 79744K, reserved 1122304K
  class space    used 10766K, committed 11200K, reserved 1048576K
}
Event: 58.413 GC heap after
{Heap after GC invocations=41 (full 0):
 garbage-first heap   total 260096K, used 174846K [0x00000000a0000000, 0x0000000100000000)
  region size 1024K, 5 young (5120K), 5 survivors (5120K)
 Metaspace       used 78773K, committed 79744K, reserved 1122304K
  class space    used 10766K, committed 11200K, reserved 1048576K
}
Event: 60.649 GC heap before
{Heap before GC invocations=41 (full 0):
 garbage-first heap   total 260096K, used 214782K [0x00000000a0000000, 0x0000000100000000)
  region size 1024K, 44 young (45056K), 5 survivors (5120K)
 Metaspace       used 79061K, committed 80128K, reserved 1122304K
  class space    used 10801K, committed 11264K, reserved 1048576K
}
Event: 60.668 GC heap after
{Heap after GC invocations=42 (full 0):
 garbage-first heap   total 260096K, used 180855K [0x00000000a0000000, 0x0000000100000000)
  region size 1024K, 6 young (6144K), 6 survivors (6144K)
 Metaspace       used 79061K, committed 80128K, reserved 1122304K
  class space    used 10801K, committed 11264K, reserved 1048576K
}
Event: 61.636 GC heap before
{Heap before GC invocations=42 (full 0):
 garbage-first heap   total 260096K, used 215671K [0x00000000a0000000, 0x0000000100000000)
  region size 1024K, 41 young (41984K), 6 survivors (6144K)
 Metaspace       used 79411K, committed 80576K, reserved 1122304K
  class space    used 10847K, committed 11392K, reserved 1048576K
}
Event: 61.657 GC heap after
{Heap after GC invocations=43 (full 0):
 garbage-first heap   total 260096K, used 186868K [0x00000000a0000000, 0x0000000100000000)
  region size 1024K, 6 young (6144K), 6 survivors (6144K)
 Metaspace       used 79411K, committed 80576K, reserved 1122304K
  class space    used 10847K, committed 11392K, reserved 1048576K
}
Event: 62.660 GC heap before
{Heap before GC invocations=43 (full 0):
 garbage-first heap   total 260096K, used 216564K [0x00000000a0000000, 0x0000000100000000)
  region size 1024K, 36 young (36864K), 6 survivors (6144K)
 Metaspace       used 79465K, committed 80576K, reserved 1122304K
  class space    used 10850K, committed 11392K, reserved 1048576K
}
Event: 62.684 GC heap after
{Heap after GC invocations=44 (full 0):
 garbage-first heap   total 260096K, used 192321K [0x00000000a0000000, 0x0000000100000000)
  region size 1024K, 5 young (5120K), 5 survivors (5120K)
 Metaspace       used 79465K, committed 80576K, reserved 1122304K
  class space    used 10850K, committed 11392K, reserved 1048576K
}
Event: 63.805 GC heap before
{Heap before GC invocations=44 (full 0):
 garbage-first heap   total 260096K, used 219969K [0x00000000a0000000, 0x0000000100000000)
  region size 1024K, 32 young (32768K), 5 survivors (5120K)
 Metaspace       used 79542K, committed 80640K, reserved 1122304K
  class space    used 10854K, committed 11392K, reserved 1048576K
}
Event: 63.820 GC heap after
{Heap after GC invocations=45 (full 0):
 garbage-first heap   total 260096K, used 196902K [0x00000000a0000000, 0x0000000100000000)
  region size 1024K, 4 young (4096K), 4 survivors (4096K)
 Metaspace       used 79542K, committed 80640K, reserved 1122304K
  class space    used 10854K, committed 11392K, reserved 1048576K
}
Event: 64.375 GC heap before
{Heap before GC invocations=45 (full 0):
 garbage-first heap   total 260096K, used 219430K [0x00000000a0000000, 0x0000000100000000)
  region size 1024K, 27 young (27648K), 4 survivors (4096K)
 Metaspace       used 79600K, committed 80704K, reserved 1122304K
  class space    used 10858K, committed 11392K, reserved 1048576K
}
Event: 64.389 GC heap after
{Heap after GC invocations=46 (full 0):
 garbage-first heap   total 260096K, used 201728K [0x00000000a0000000, 0x0000000100000000)
  region size 1024K, 4 young (4096K), 4 survivors (4096K)
 Metaspace       used 79600K, committed 80704K, reserved 1122304K
  class space    used 10858K, committed 11392K, reserved 1048576K
}
Event: 65.301 GC heap before
{Heap before GC invocations=46 (full 0):
 garbage-first heap   total 260096K, used 222208K [0x00000000a0000000, 0x0000000100000000)
  region size 1024K, 24 young (24576K), 4 survivors (4096K)
 Metaspace       used 79646K, committed 80832K, reserved 1122304K
  class space    used 10859K, committed 11392K, reserved 1048576K
}
Event: 65.326 GC heap after
{Heap after GC invocations=47 (full 0):
 garbage-first heap   total 260096K, used 206848K [0x00000000a0000000, 0x0000000100000000)
  region size 1024K, 3 young (3072K), 3 survivors (3072K)
 Metaspace       used 79646K, committed 80832K, reserved 1122304K
  class space    used 10859K, committed 11392K, reserved 1048576K
}
Event: 65.805 GC heap before
{Heap before GC invocations=47 (full 0):
 garbage-first heap   total 260096K, used 223232K [0x00000000a0000000, 0x0000000100000000)
  region size 1024K, 19 young (19456K), 3 survivors (3072K)
 Metaspace       used 79661K, committed 80832K, reserved 1122304K
  class space    used 10860K, committed 11392K, reserved 1048576K
}
Event: 65.815 GC heap after
{Heap after GC invocations=48 (full 0):
 garbage-first heap   total 260096K, used 209611K [0x00000000a0000000, 0x0000000100000000)
  region size 1024K, 3 young (3072K), 3 survivors (3072K)
 Metaspace       used 79661K, committed 80832K, reserved 1122304K
  class space    used 10860K, committed 11392K, reserved 1048576K
}
Event: 66.237 GC heap before
{Heap before GC invocations=48 (full 0):
 garbage-first heap   total 260096K, used 223947K [0x00000000a0000000, 0x0000000100000000)
  region size 1024K, 17 young (17408K), 3 survivors (3072K)
 Metaspace       used 79679K, committed 80896K, reserved 1122304K
  class space    used 10860K, committed 11392K, reserved 1048576K
}
Event: 66.243 GC heap after
{Heap after GC invocations=49 (full 0):
 garbage-first heap   total 260096K, used 212030K [0x00000000a0000000, 0x0000000100000000)
  region size 1024K, 3 young (3072K), 3 survivors (3072K)
 Metaspace       used 79679K, committed 80896K, reserved 1122304K
  class space    used 10860K, committed 11392K, reserved 1048576K
}
Event: 72.114 GC heap before
{Heap before GC invocations=49 (full 0):
 garbage-first heap   total 260096K, used 225342K [0x00000000a0000000, 0x0000000100000000)
  region size 1024K, 16 young (16384K), 3 survivors (3072K)
 Metaspace       used 79738K, committed 80896K, reserved 1122304K
  class space    used 10865K, committed 11392K, reserved 1048576K
}
Event: 72.121 GC heap after
{Heap after GC invocations=50 (full 0):
 garbage-first heap   total 260096K, used 213774K [0x00000000a0000000, 0x0000000100000000)
  region size 1024K, 2 young (2048K), 2 survivors (2048K)
 Metaspace       used 79738K, committed 80896K, reserved 1122304K
  class space    used 10865K, committed 11392K, reserved 1048576K
}

